<?xml version="1.0" encoding="UTF-8"?>
<testng-results ignored="0" total="2" passed="2" failed="0" skipped="0">
  <reporter-output>
  </reporter-output>
  <suite started-at="2024-11-15T00:59:34 IST" name="Suite" finished-at="2024-11-15T01:00:08 IST" duration-ms="33966">
    <groups>
    </groups>
    <test started-at="2024-11-15T00:59:34 IST" name="Test" finished-at="2024-11-15T01:00:08 IST" duration-ms="33966">
      <class name="testCases.TC001_User_Registration">
        <test-method is-config="true" signature="setup(java.lang.String)[pri:0, instance:testCases.TC001_User_Registration@401f7633]" started-at="2024-11-15T00:59:34 IST" name="setup" finished-at="2024-11-15T00:59:45 IST" duration-ms="11032" status="PASS">
          <params>
            <param index="0">
              <value>
                <![CDATA[chrome]]>
              </value>
            </param>
          </params>
          <reporter-output>
          </reporter-output>
        </test-method> <!-- setup -->
        <test-method signature="verify_registration()[pri:0, instance:testCases.TC001_User_Registration@401f7633]" started-at="2024-11-15T00:59:45 IST" name="verify_registration" finished-at="2024-11-15T00:59:52 IST" duration-ms="6665" status="PASS">
          <reporter-output>
          </reporter-output>
        </test-method> <!-- verify_registration -->
        <test-method is-config="true" signature="tearDown()[pri:0, instance:testCases.TC001_User_Registration@401f7633]" started-at="2024-11-15T00:59:52 IST" name="tearDown" finished-at="2024-11-15T00:59:52 IST" duration-ms="297" status="PASS">
          <reporter-output>
          </reporter-output>
        </test-method> <!-- tearDown -->
      </class> <!-- testCases.TC001_User_Registration -->
      <class name="testCases.TC002_User_Login">
        <test-method is-config="true" signature="setup(java.lang.String)[pri:0, instance:testCases.TC002_User_Login@132e0cc]" started-at="2024-11-15T00:59:52 IST" name="setup" finished-at="2024-11-15T00:59:59 IST" duration-ms="6637" status="PASS">
          <params>
            <param index="0">
              <value>
                <![CDATA[chrome]]>
              </value>
            </param>
          </params>
          <reporter-output>
          </reporter-output>
        </test-method> <!-- setup -->
        <test-method signature="user_Login()[pri:0, instance:testCases.TC002_User_Login@132e0cc]" started-at="2024-11-15T00:59:59 IST" name="user_Login" finished-at="2024-11-15T01:00:07 IST" duration-ms="8681" status="PASS">
          <reporter-output>
          </reporter-output>
        </test-method> <!-- user_Login -->
        <test-method is-config="true" signature="tearDown()[pri:0, instance:testCases.TC002_User_Login@132e0cc]" started-at="2024-11-15T01:00:07 IST" name="tearDown" finished-at="2024-11-15T01:00:08 IST" duration-ms="190" status="PASS">
          <reporter-output>
          </reporter-output>
        </test-method> <!-- tearDown -->
      </class> <!-- testCases.TC002_User_Login -->
    </test> <!-- Test -->
  </suite> <!-- Suite -->
</testng-results>
