<?xml version="1.0" encoding="UTF-8"?>
<testng-results ignored="0" total="2" passed="2" failed="0" skipped="0">
  <reporter-output>
  </reporter-output>
  <suite started-at="2024-11-18T21:11:43 IST" name="Suite" finished-at="2024-11-18T21:14:29 IST" duration-ms="165617">
    <groups>
    </groups>
    <test started-at="2024-11-18T21:11:43 IST" name="Test" finished-at="2024-11-18T21:14:29 IST" duration-ms="165617">
      <class name="testCases.TC001_User_Registration">
        <test-method is-config="true" signature="setup(java.lang.String)[pri:0, instance:testCases.TC001_User_Registration@401f7633]" started-at="2024-11-18T21:11:44 IST" name="setup" finished-at="2024-11-18T21:13:51 IST" duration-ms="127852" status="PASS">
          <params>
            <param index="0">
              <value>
                <![CDATA[chrome]]>
              </value>
            </param>
          </params>
          <reporter-output>
          </reporter-output>
        </test-method> <!-- setup -->
        <test-method signature="verify_registration()[pri:0, instance:testCases.TC001_User_Registration@401f7633]" started-at="2024-11-18T21:13:51 IST" name="verify_registration" finished-at="2024-11-18T21:14:03 IST" duration-ms="11996" status="PASS">
          <reporter-output>
          </reporter-output>
        </test-method> <!-- verify_registration -->
        <test-method is-config="true" signature="tearDown()[pri:0, instance:testCases.TC001_User_Registration@401f7633]" started-at="2024-11-18T21:14:03 IST" name="tearDown" finished-at="2024-11-18T21:14:04 IST" duration-ms="227" status="PASS">
          <reporter-output>
          </reporter-output>
        </test-method> <!-- tearDown -->
      </class> <!-- testCases.TC001_User_Registration -->
      <class name="testCases.TC002_User_Login">
        <test-method is-config="true" signature="setup(java.lang.String)[pri:0, instance:testCases.TC002_User_Login@132e0cc]" started-at="2024-11-18T21:14:04 IST" name="setup" finished-at="2024-11-18T21:14:14 IST" duration-ms="10539" status="PASS">
          <params>
            <param index="0">
              <value>
                <![CDATA[chrome]]>
              </value>
            </param>
          </params>
          <reporter-output>
          </reporter-output>
        </test-method> <!-- setup -->
        <test-method signature="user_Login()[pri:0, instance:testCases.TC002_User_Login@132e0cc]" started-at="2024-11-18T21:14:14 IST" name="user_Login" finished-at="2024-11-18T21:14:29 IST" duration-ms="14451" status="PASS">
          <reporter-output>
          </reporter-output>
        </test-method> <!-- user_Login -->
        <test-method is-config="true" signature="tearDown()[pri:0, instance:testCases.TC002_User_Login@132e0cc]" started-at="2024-11-18T21:14:29 IST" name="tearDown" finished-at="2024-11-18T21:14:29 IST" duration-ms="216" status="PASS">
          <reporter-output>
          </reporter-output>
        </test-method> <!-- tearDown -->
      </class> <!-- testCases.TC002_User_Login -->
    </test> <!-- Test -->
  </suite> <!-- Suite -->
</testng-results>
