<?xml version="1.0" encoding="UTF-8"?>
<testng-results ignored="0" total="1" passed="1" failed="0" skipped="0">
  <reporter-output>
  </reporter-output>
  <suite started-at="2024-11-15T00:37:15 IST" name="Suite" finished-at="2024-11-15T00:37:34 IST" duration-ms="19279">
    <groups>
    </groups>
    <test started-at="2024-11-15T00:37:15 IST" name="Test" finished-at="2024-11-15T00:37:34 IST" duration-ms="19279">
      <class name="testCases.TC001_User_Registration">
        <test-method is-config="true" signature="setup(java.lang.String)[pri:0, instance:testCases.TC001_User_Registration@48e92c5c]" started-at="2024-11-15T00:37:15 IST" name="setup" finished-at="2024-11-15T00:37:23 IST" duration-ms="7694" status="PASS">
          <params>
            <param index="0">
              <value>
                <![CDATA[chrome]]>
              </value>
            </param>
          </params>
          <reporter-output>
          </reporter-output>
        </test-method> <!-- setup -->
        <test-method signature="verify_registration()[pri:0, instance:testCases.TC001_User_Registration@48e92c5c]" started-at="2024-11-15T00:37:23 IST" name="verify_registration" finished-at="2024-11-15T00:37:34 IST" duration-ms="11031" status="PASS">
          <reporter-output>
          </reporter-output>
        </test-method> <!-- verify_registration -->
        <test-method is-config="true" signature="tearDown()[pri:0, instance:testCases.TC001_User_Registration@48e92c5c]" started-at="2024-11-15T00:37:34 IST" name="tearDown" finished-at="2024-11-15T00:37:34 IST" duration-ms="261" status="PASS">
          <reporter-output>
          </reporter-output>
        </test-method> <!-- tearDown -->
      </class> <!-- testCases.TC001_User_Registration -->
    </test> <!-- Test -->
  </suite> <!-- Suite -->
</testng-results>
